# Logfile created on 2014-03-03 19:18:37 -0500 by logger.rb/31641
I, [2014-03-03T19:18:37.075221 #53727]  INFO -- : 0:  rake (10.1.1) from /Users/bretonhandy/.rvm/gems/ruby-2.1.0/specifications/rake-10.1.1.gemspec
I, [2014-03-03T19:18:37.075716 #53727]  INFO -- : 0:  i18n (0.6.9) from /Users/bretonhandy/.rvm/gems/ruby-2.1.0/specifications/i18n-0.6.9.gemspec
I, [2014-03-03T19:18:37.076128 #53727]  INFO -- : 0:  minitest (4.7.5) from /Users/bretonhandy/.rvm/gems/ruby-2.1.0/specifications/minitest-4.7.5.gemspec
I, [2014-03-03T19:18:37.076509 #53727]  INFO -- : 0:  multi_json (1.8.4) from /Users/bretonhandy/.rvm/gems/ruby-2.1.0/specifications/multi_json-1.8.4.gemspec
I, [2014-03-03T19:18:39.246373 #53727]  INFO -- : 0:  atomic (1.1.15) from /Users/bretonhandy/.rvm/gems/ruby-2.1.0/specifications/atomic-1.1.15.gemspec
I, [2014-03-03T19:18:40.638227 #53727]  INFO -- : 0:  thread_safe (0.2.0) from /Users/bretonhandy/.rvm/gems/ruby-2.1.0/specifications/thread_safe-0.2.0.gemspec
I, [2014-03-03T19:18:40.639004 #53727]  INFO -- : 0:  tzinfo (0.3.38) from /Users/bretonhandy/.rvm/gems/ruby-2.1.0/specifications/tzinfo-0.3.38.gemspec
I, [2014-03-03T19:18:40.639582 #53727]  INFO -- : 0:  activesupport (4.0.2) from /Users/bretonhandy/.rvm/gems/ruby-2.1.0/specifications/activesupport-4.0.2.gemspec
I, [2014-03-03T19:18:40.640155 #53727]  INFO -- : 0:  builder (3.1.4) from /Users/bretonhandy/.rvm/gems/ruby-2.1.0/specifications/builder-3.1.4.gemspec
I, [2014-03-03T19:18:40.640723 #53727]  INFO -- : 0:  erubis (2.7.0) from /Users/bretonhandy/.rvm/gems/ruby-2.1.0/specifications/erubis-2.7.0.gemspec
I, [2014-03-03T19:18:40.641223 #53727]  INFO -- : 0:  rack (1.5.2) from /Users/bretonhandy/.rvm/gems/ruby-2.1.0/specifications/rack-1.5.2.gemspec
I, [2014-03-03T19:18:40.641730 #53727]  INFO -- : 0:  rack-test (0.6.2) from /Users/bretonhandy/.rvm/gems/ruby-2.1.0/specifications/rack-test-0.6.2.gemspec
I, [2014-03-03T19:18:40.642555 #53727]  INFO -- : 0:  actionpack (4.0.2) from /Users/bretonhandy/.rvm/gems/ruby-2.1.0/specifications/actionpack-4.0.2.gemspec
I, [2014-03-03T19:18:40.643054 #53727]  INFO -- : 0:  mime-types (1.25.1) from /Users/bretonhandy/.rvm/gems/ruby-2.1.0/specifications/mime-types-1.25.1.gemspec
I, [2014-03-03T19:18:41.536317 #53727]  INFO -- : 0:  polyglot (0.3.4) from /Users/bretonhandy/.rvm/gems/ruby-2.1.0/specifications/polyglot-0.3.4.gemspec
I, [2014-03-03T19:18:41.536786 #53727]  INFO -- : 0:  treetop (1.4.15) from /Users/bretonhandy/.rvm/gems/ruby-2.1.0/specifications/treetop-1.4.15.gemspec
I, [2014-03-03T19:18:41.537140 #53727]  INFO -- : 0:  mail (2.5.4) from /Users/bretonhandy/.rvm/gems/ruby-2.1.0/specifications/mail-2.5.4.gemspec
I, [2014-03-03T19:18:41.537496 #53727]  INFO -- : 0:  actionmailer (4.0.2) from /Users/bretonhandy/.rvm/gems/ruby-2.1.0/specifications/actionmailer-4.0.2.gemspec
I, [2014-03-03T19:18:41.537845 #53727]  INFO -- : 0:  activemodel (4.0.2) from /Users/bretonhandy/.rvm/gems/ruby-2.1.0/specifications/activemodel-4.0.2.gemspec
I, [2014-03-03T19:18:41.538196 #53727]  INFO -- : 0:  activerecord-deprecated_finders (1.0.3) from /Users/bretonhandy/.rvm/gems/ruby-2.1.0/specifications/activerecord-deprecated_finders-1.0.3.gemspec
I, [2014-03-03T19:18:42.400557 #53727]  INFO -- : 0:  arel (4.0.2) from /Users/bretonhandy/.rvm/gems/ruby-2.1.0/specifications/arel-4.0.2.gemspec
I, [2014-03-03T19:18:42.401112 #53727]  INFO -- : 0:  activerecord (4.0.2) from /Users/bretonhandy/.rvm/gems/ruby-2.1.0/specifications/activerecord-4.0.2.gemspec
I, [2014-03-03T19:18:42.401467 #53727]  INFO -- : 0:  bundler (1.5.1) from /Users/bretonhandy/.rvm/gems/ruby-2.1.0@global/specifications/bundler-1.5.1.gemspec
I, [2014-03-03T19:18:43.529406 #53727]  INFO -- : 0:  coffee-script-source (1.7.0) from /Users/bretonhandy/.rvm/gems/ruby-2.1.0/specifications/coffee-script-source-1.7.0.gemspec
I, [2014-03-03T19:18:43.529932 #53727]  INFO -- : 0:  execjs (2.0.2) from /Users/bretonhandy/.rvm/gems/ruby-2.1.0/specifications/execjs-2.0.2.gemspec
I, [2014-03-03T19:18:43.530301 #53727]  INFO -- : 0:  coffee-script (2.2.0) from /Users/bretonhandy/.rvm/gems/ruby-2.1.0/specifications/coffee-script-2.2.0.gemspec
I, [2014-03-03T19:18:43.530685 #53727]  INFO -- : 0:  thor (0.18.1) from /Users/bretonhandy/.rvm/gems/ruby-2.1.0/specifications/thor-0.18.1.gemspec
I, [2014-03-03T19:18:43.531057 #53727]  INFO -- : 0:  railties (4.0.2) from /Users/bretonhandy/.rvm/gems/ruby-2.1.0/specifications/railties-4.0.2.gemspec
I, [2014-03-03T19:18:43.531431 #53727]  INFO -- : 0:  coffee-rails (4.0.1) from /Users/bretonhandy/.rvm/gems/ruby-2.1.0/specifications/coffee-rails-4.0.1.gemspec
I, [2014-03-03T19:18:43.531802 #53727]  INFO -- : 0:  hike (1.2.3) from /Users/bretonhandy/.rvm/gems/ruby-2.1.0/specifications/hike-1.2.3.gemspec
I, [2014-03-03T19:18:43.532177 #53727]  INFO -- : 0:  jbuilder (1.5.3) from /Users/bretonhandy/.rvm/gems/ruby-2.1.0/specifications/jbuilder-1.5.3.gemspec
I, [2014-03-03T19:18:45.094313 #53727]  INFO -- : 0:  jquery-rails (3.1.0) from /Users/bretonhandy/.rvm/gems/ruby-2.1.0/specifications/jquery-rails-3.1.0.gemspec
I, [2014-03-03T19:18:45.095073 #53727]  INFO -- : 0:  json (1.8.1) from /Users/bretonhandy/.rvm/gems/ruby-2.1.0/specifications/json-1.8.1.gemspec
I, [2014-03-03T19:18:45.095574 #53727]  INFO -- : 0:  tilt (1.4.1) from /Users/bretonhandy/.rvm/gems/ruby-2.1.0/specifications/tilt-1.4.1.gemspec
I, [2014-03-03T19:18:46.271710 #53727]  INFO -- : 0:  sprockets (2.11.0) from /Users/bretonhandy/.rvm/gems/ruby-2.1.0/specifications/sprockets-2.11.0.gemspec
I, [2014-03-03T19:18:46.272497 #53727]  INFO -- : 0:  sprockets-rails (2.0.1) from /Users/bretonhandy/.rvm/gems/ruby-2.1.0/specifications/sprockets-rails-2.0.1.gemspec
I, [2014-03-03T19:18:46.273011 #53727]  INFO -- : 0:  rails (4.0.2) from /Users/bretonhandy/.rvm/gems/ruby-2.1.0/specifications/rails-4.0.2.gemspec
I, [2014-03-03T19:18:46.273518 #53727]  INFO -- : 0:  rdoc (4.1.1) from /Users/bretonhandy/.rvm/gems/ruby-2.1.0/specifications/rdoc-4.1.1.gemspec
I, [2014-03-03T19:18:48.176958 #53727]  INFO -- : 0:  sass (3.2.14) from /Users/bretonhandy/.rvm/gems/ruby-2.1.0/specifications/sass-3.2.14.gemspec
I, [2014-03-03T19:18:48.177514 #53727]  INFO -- : 0:  sass-rails (4.0.1) from /Users/bretonhandy/.rvm/gems/ruby-2.1.0/specifications/sass-rails-4.0.1.gemspec
I, [2014-03-03T19:18:48.177873 #53727]  INFO -- : 0:  sdoc (0.4.0) from /Users/bretonhandy/.rvm/gems/ruby-2.1.0/specifications/sdoc-0.4.0.gemspec
I, [2014-03-03T19:18:52.339669 #53727]  INFO -- : 0:  sqlite3 (1.3.9) from /Users/bretonhandy/.rvm/gems/ruby-2.1.0/specifications/sqlite3-1.3.9.gemspec
I, [2014-03-03T19:18:53.375084 #53727]  INFO -- : 0:  turbolinks (2.2.1) from /Users/bretonhandy/.rvm/gems/ruby-2.1.0/specifications/turbolinks-2.2.1.gemspec
I, [2014-03-03T19:18:53.375645 #53727]  INFO -- : 0:  uglifier (2.4.0) from /Users/bretonhandy/.rvm/gems/ruby-2.1.0/specifications/uglifier-2.4.0.gemspec
I, [2014-03-03T19:29:14.794375 #56926]  INFO -- : 0:  rake (10.1.1) from /Users/bretonhandy/.rvm/gems/ruby-2.1.0/specifications/rake-10.1.1.gemspec
I, [2014-03-03T19:29:14.796298 #56926]  INFO -- : 0:  i18n (0.6.9) from /Users/bretonhandy/.rvm/gems/ruby-2.1.0/specifications/i18n-0.6.9.gemspec
I, [2014-03-03T19:29:14.796708 #56926]  INFO -- : 0:  minitest (4.7.5) from /Users/bretonhandy/.rvm/gems/ruby-2.1.0/specifications/minitest-4.7.5.gemspec
I, [2014-03-03T19:29:14.797163 #56926]  INFO -- : 0:  multi_json (1.8.4) from /Users/bretonhandy/.rvm/gems/ruby-2.1.0/specifications/multi_json-1.8.4.gemspec
I, [2014-03-03T19:29:14.797609 #56926]  INFO -- : 0:  atomic (1.1.15) from /Users/bretonhandy/.rvm/gems/ruby-2.1.0/specifications/atomic-1.1.15.gemspec
I, [2014-03-03T19:29:14.798080 #56926]  INFO -- : 0:  thread_safe (0.2.0) from /Users/bretonhandy/.rvm/gems/ruby-2.1.0/specifications/thread_safe-0.2.0.gemspec
I, [2014-03-03T19:29:14.798489 #56926]  INFO -- : 0:  tzinfo (0.3.38) from /Users/bretonhandy/.rvm/gems/ruby-2.1.0/specifications/tzinfo-0.3.38.gemspec
I, [2014-03-03T19:29:14.798898 #56926]  INFO -- : 0:  activesupport (4.0.2) from /Users/bretonhandy/.rvm/gems/ruby-2.1.0/specifications/activesupport-4.0.2.gemspec
I, [2014-03-03T19:29:14.799295 #56926]  INFO -- : 0:  builder (3.1.4) from /Users/bretonhandy/.rvm/gems/ruby-2.1.0/specifications/builder-3.1.4.gemspec
I, [2014-03-03T19:29:14.799717 #56926]  INFO -- : 0:  erubis (2.7.0) from /Users/bretonhandy/.rvm/gems/ruby-2.1.0/specifications/erubis-2.7.0.gemspec
I, [2014-03-03T19:29:14.800107 #56926]  INFO -- : 0:  rack (1.5.2) from /Users/bretonhandy/.rvm/gems/ruby-2.1.0/specifications/rack-1.5.2.gemspec
I, [2014-03-03T19:29:14.800498 #56926]  INFO -- : 0:  rack-test (0.6.2) from /Users/bretonhandy/.rvm/gems/ruby-2.1.0/specifications/rack-test-0.6.2.gemspec
I, [2014-03-03T19:29:14.800892 #56926]  INFO -- : 0:  actionpack (4.0.2) from /Users/bretonhandy/.rvm/gems/ruby-2.1.0/specifications/actionpack-4.0.2.gemspec
I, [2014-03-03T19:29:14.801286 #56926]  INFO -- : 0:  mime-types (1.25.1) from /Users/bretonhandy/.rvm/gems/ruby-2.1.0/specifications/mime-types-1.25.1.gemspec
I, [2014-03-03T19:29:14.801674 #56926]  INFO -- : 0:  polyglot (0.3.4) from /Users/bretonhandy/.rvm/gems/ruby-2.1.0/specifications/polyglot-0.3.4.gemspec
I, [2014-03-03T19:29:14.802050 #56926]  INFO -- : 0:  treetop (1.4.15) from /Users/bretonhandy/.rvm/gems/ruby-2.1.0/specifications/treetop-1.4.15.gemspec
I, [2014-03-03T19:29:14.802487 #56926]  INFO -- : 0:  mail (2.5.4) from /Users/bretonhandy/.rvm/gems/ruby-2.1.0/specifications/mail-2.5.4.gemspec
I, [2014-03-03T19:29:14.802864 #56926]  INFO -- : 0:  actionmailer (4.0.2) from /Users/bretonhandy/.rvm/gems/ruby-2.1.0/specifications/actionmailer-4.0.2.gemspec
I, [2014-03-03T19:29:14.803237 #56926]  INFO -- : 0:  activemodel (4.0.2) from /Users/bretonhandy/.rvm/gems/ruby-2.1.0/specifications/activemodel-4.0.2.gemspec
I, [2014-03-03T19:29:14.803625 #56926]  INFO -- : 0:  activerecord-deprecated_finders (1.0.3) from /Users/bretonhandy/.rvm/gems/ruby-2.1.0/specifications/activerecord-deprecated_finders-1.0.3.gemspec
I, [2014-03-03T19:29:14.804011 #56926]  INFO -- : 0:  arel (4.0.2) from /Users/bretonhandy/.rvm/gems/ruby-2.1.0/specifications/arel-4.0.2.gemspec
I, [2014-03-03T19:29:14.804396 #56926]  INFO -- : 0:  activerecord (4.0.2) from /Users/bretonhandy/.rvm/gems/ruby-2.1.0/specifications/activerecord-4.0.2.gemspec
I, [2014-03-03T19:29:14.804771 #56926]  INFO -- : 0:  bundler (1.5.1) from /Users/bretonhandy/.rvm/gems/ruby-2.1.0@global/specifications/bundler-1.5.1.gemspec
I, [2014-03-03T19:29:14.805166 #56926]  INFO -- : 0:  thor (0.18.1) from /Users/bretonhandy/.rvm/gems/ruby-2.1.0/specifications/thor-0.18.1.gemspec
I, [2014-03-03T19:29:14.805614 #56926]  INFO -- : 0:  railties (4.0.2) from /Users/bretonhandy/.rvm/gems/ruby-2.1.0/specifications/railties-4.0.2.gemspec
I, [2014-03-03T19:29:14.806066 #56926]  INFO -- : 0:  hike (1.2.3) from /Users/bretonhandy/.rvm/gems/ruby-2.1.0/specifications/hike-1.2.3.gemspec
I, [2014-03-03T19:29:14.806477 #56926]  INFO -- : 0:  tilt (1.4.1) from /Users/bretonhandy/.rvm/gems/ruby-2.1.0/specifications/tilt-1.4.1.gemspec
I, [2014-03-03T19:29:14.806937 #56926]  INFO -- : 0:  sprockets (2.11.0) from /Users/bretonhandy/.rvm/gems/ruby-2.1.0/specifications/sprockets-2.11.0.gemspec
I, [2014-03-03T19:29:14.807353 #56926]  INFO -- : 0:  sprockets-rails (2.0.1) from /Users/bretonhandy/.rvm/gems/ruby-2.1.0/specifications/sprockets-rails-2.0.1.gemspec
I, [2014-03-03T19:29:14.807790 #56926]  INFO -- : 0:  rails (4.0.2) from /Users/bretonhandy/.rvm/gems/ruby-2.1.0/specifications/rails-4.0.2.gemspec
I, [2014-03-03T19:29:14.808211 #56926]  INFO -- : 0:  acts-as-taggable-on (3.0.1) from /Users/bretonhandy/.rvm/gems/ruby-2.1.0/specifications/acts-as-taggable-on-3.0.1.gemspec
I, [2014-03-03T19:29:17.650046 #56926]  INFO -- : 0:  bcrypt (3.1.7) from /Users/bretonhandy/.rvm/gems/ruby-2.1.0/specifications/bcrypt-3.1.7.gemspec
I, [2014-03-03T19:29:18.691202 #56926]  INFO -- : 0:  bcrypt-ruby (3.1.5) from /Users/bretonhandy/.rvm/gems/ruby-2.1.0/specifications/bcrypt-ruby-3.1.5.gemspec
I, [2014-03-03T19:29:18.691758 #56926]  INFO -- : 0:  cancan (1.6.10) from /Users/bretonhandy/.rvm/gems/ruby-2.1.0/specifications/cancan-1.6.10.gemspec
I, [2014-03-03T19:29:20.346928 #56926]  INFO -- : 0:  chunky_png (1.3.0) from /Users/bretonhandy/.rvm/gems/ruby-2.1.0/specifications/chunky_png-1.3.0.gemspec
I, [2014-03-03T19:29:20.347801 #56926]  INFO -- : 0:  coffee-script-source (1.7.0) from /Users/bretonhandy/.rvm/gems/ruby-2.1.0/specifications/coffee-script-source-1.7.0.gemspec
I, [2014-03-03T19:29:20.348437 #56926]  INFO -- : 0:  execjs (2.0.2) from /Users/bretonhandy/.rvm/gems/ruby-2.1.0/specifications/execjs-2.0.2.gemspec
I, [2014-03-03T19:29:20.372890 #56926]  INFO -- : 0:  coffee-script (2.2.0) from /Users/bretonhandy/.rvm/gems/ruby-2.1.0/specifications/coffee-script-2.2.0.gemspec
I, [2014-03-03T19:29:20.373364 #56926]  INFO -- : 0:  coffee-rails (4.0.1) from /Users/bretonhandy/.rvm/gems/ruby-2.1.0/specifications/coffee-rails-4.0.1.gemspec
I, [2014-03-03T19:29:20.373722 #56926]  INFO -- : 0:  commonjs (0.2.7) from /Users/bretonhandy/.rvm/gems/ruby-2.1.0/specifications/commonjs-0.2.7.gemspec
I, [2014-03-03T19:29:21.051437 #56926]  INFO -- : 0:  fssm (0.2.10) from /Users/bretonhandy/.rvm/gems/ruby-2.1.0/specifications/fssm-0.2.10.gemspec
I, [2014-03-03T19:29:21.052061 #56926]  INFO -- : 0:  sass (3.2.14) from /Users/bretonhandy/.rvm/gems/ruby-2.1.0/specifications/sass-3.2.14.gemspec
I, [2014-03-03T19:29:23.867656 #56926]  INFO -- : 0:  compass (0.12.2) from /Users/bretonhandy/.rvm/gems/ruby-2.1.0/specifications/compass-0.12.2.gemspec
I, [2014-03-03T19:29:25.729702 #56926]  INFO -- : 0:  compass-rails (1.1.3) from /Users/bretonhandy/.rvm/gems/ruby-2.1.0/specifications/compass-rails-1.1.3.gemspec
I, [2014-03-03T19:29:25.730343 #56926]  INFO -- : 0:  daemons (1.1.9) from /Users/bretonhandy/.rvm/gems/ruby-2.1.0/specifications/daemons-1.1.9.gemspec
I, [2014-03-03T19:29:25.730790 #56926]  INFO -- : 0:  orm_adapter (0.5.0) from /Users/bretonhandy/.rvm/gems/ruby-2.1.0/specifications/orm_adapter-0.5.0.gemspec
I, [2014-03-03T19:29:25.731225 #56926]  INFO -- : 0:  warden (1.2.3) from /Users/bretonhandy/.rvm/gems/ruby-2.1.0/specifications/warden-1.2.3.gemspec
I, [2014-03-03T19:29:28.187359 #56926]  INFO -- : 0:  devise (3.2.3) from /Users/bretonhandy/.rvm/gems/ruby-2.1.0/specifications/devise-3.2.3.gemspec
I, [2014-03-03T19:29:28.188073 #56926]  INFO -- : 0:  eventmachine (1.0.3) from /Users/bretonhandy/.rvm/gems/ruby-2.1.0/specifications/eventmachine-1.0.3.gemspec
I, [2014-03-03T19:29:28.188474 #56926]  INFO -- : 0:  fastercsv (1.5.5) from /Users/bretonhandy/.rvm/gems/ruby-2.1.0/specifications/fastercsv-1.5.5.gemspec
I, [2014-03-03T19:29:28.188920 #56926]  INFO -- : 0:  font-awesome-rails (4.0.3.1) from /Users/bretonhandy/.rvm/gems/ruby-2.1.0/specifications/font-awesome-rails-4.0.3.1.gemspec
I, [2014-03-03T19:29:28.189324 #56926]  INFO -- : 0:  haml (4.0.5) from /Users/bretonhandy/.rvm/gems/ruby-2.1.0/specifications/haml-4.0.5.gemspec
I, [2014-03-03T19:29:28.189721 #56926]  INFO -- : 0:  jbuilder (1.5.3) from /Users/bretonhandy/.rvm/gems/ruby-2.1.0/specifications/jbuilder-1.5.3.gemspec
I, [2014-03-03T19:29:28.190121 #56926]  INFO -- : 0:  jquery-rails (3.1.0) from /Users/bretonhandy/.rvm/gems/ruby-2.1.0/specifications/jquery-rails-3.1.0.gemspec
I, [2014-03-03T19:29:30.181063 #56926]  INFO -- : 0:  jquery-ui-rails (4.2.0) from /Users/bretonhandy/.rvm/gems/ruby-2.1.0/specifications/jquery-ui-rails-4.2.0.gemspec
I, [2014-03-03T19:29:30.181621 #56926]  INFO -- : 0:  json (1.8.1) from /Users/bretonhandy/.rvm/gems/ruby-2.1.0/specifications/json-1.8.1.gemspec
I, [2014-03-03T19:29:30.182009 #56926]  INFO -- : 0:  kaminari (0.15.1) from /Users/bretonhandy/.rvm/gems/ruby-2.1.0/specifications/kaminari-0.15.1.gemspec
I, [2014-03-03T19:29:30.182683 #56926]  INFO -- : 0:  kgio (2.9.2) from /Users/bretonhandy/.rvm/gems/ruby-2.1.0/specifications/kgio-2.9.2.gemspec
I, [2014-03-03T19:29:30.183142 #56926]  INFO -- : 0:  less (2.4.0) from /Users/bretonhandy/.rvm/gems/ruby-2.1.0/specifications/less-2.4.0.gemspec
I, [2014-03-03T19:29:30.183546 #56926]  INFO -- : 0:  less-rails (2.4.2) from /Users/bretonhandy/.rvm/gems/ruby-2.1.0/specifications/less-rails-2.4.2.gemspec
I, [2014-03-03T19:29:30.183989 #56926]  INFO -- : 0:  libv8 (3.16.14.3) from /Users/bretonhandy/.rvm/gems/ruby-2.1.0/specifications/libv8-3.16.14.3-x86_64-darwin-13.gemspec
I, [2014-03-03T19:29:30.184426 #56926]  INFO -- : 0:  mini_portile (0.5.2) from /Users/bretonhandy/.rvm/gems/ruby-2.1.0/specifications/mini_portile-0.5.2.gemspec
I, [2014-03-03T19:29:30.184843 #56926]  INFO -- : 0:  nested_form (0.3.2) from /Users/bretonhandy/.rvm/gems/ruby-2.1.0/specifications/nested_form-0.3.2.gemspec
I, [2014-03-03T19:29:30.185309 #56926]  INFO -- : 0:  nokogiri (1.6.1) from /Users/bretonhandy/.rvm/gems/ruby-2.1.0/specifications/nokogiri-1.6.1.gemspec
I, [2014-03-03T19:29:30.185709 #56926]  INFO -- : 0:  pg (0.17.1) from /Users/bretonhandy/.rvm/gems/ruby-2.1.0/specifications/pg-0.17.1.gemspec
I, [2014-03-03T19:29:30.186108 #56926]  INFO -- : 0:  rack-pjax (0.7.0) from /Users/bretonhandy/.rvm/gems/ruby-2.1.0/specifications/rack-pjax-0.7.0.gemspec
I, [2014-03-03T19:29:30.186507 #56926]  INFO -- : 0:  rails_serve_static_assets (0.0.2) from /Users/bretonhandy/.rvm/gems/ruby-2.1.0/specifications/rails_serve_static_assets-0.0.2.gemspec
I, [2014-03-03T19:29:30.186909 #56926]  INFO -- : 0:  rails_stdout_logging (0.0.3) from /Users/bretonhandy/.rvm/gems/ruby-2.1.0/specifications/rails_stdout_logging-0.0.3.gemspec
I, [2014-03-03T19:29:30.187308 #56926]  INFO -- : 0:  rails_12factor (0.0.2) from /Users/bretonhandy/.rvm/gems/ruby-2.1.0/specifications/rails_12factor-0.0.2.gemspec
I, [2014-03-03T19:29:30.187718 #56926]  INFO -- : 0:  remotipart (1.2.1) from /Users/bretonhandy/.rvm/gems/ruby-2.1.0/specifications/remotipart-1.2.1.gemspec
I, [2014-03-03T19:29:30.188121 #56926]  INFO -- : 0:  safe_yaml (1.0.1) from /Users/bretonhandy/.rvm/gems/ruby-2.1.0/specifications/safe_yaml-1.0.1.gemspec
I, [2014-03-03T19:29:30.188520 #56926]  INFO -- : 0:  sass-rails (4.0.1) from /Users/bretonhandy/.rvm/gems/ruby-2.1.0/specifications/sass-rails-4.0.1.gemspec
I, [2014-03-03T19:29:30.915914 #56926]  INFO -- : 0:  rails_admin (0.6.1) from /Users/bretonhandy/.rvm/gems/ruby-2.1.0/bundler/gems/rails_admin-2f50d5ed4a06/rails_admin.gemspec
I, [2014-03-03T19:29:33.712294 #56926]  INFO -- : 0:  raindrops (0.13.0) from /Users/bretonhandy/.rvm/gems/ruby-2.1.0/specifications/raindrops-0.13.0.gemspec
I, [2014-03-03T19:29:33.713034 #56926]  INFO -- : 0:  rdoc (4.1.1) from /Users/bretonhandy/.rvm/gems/ruby-2.1.0/specifications/rdoc-4.1.1.gemspec
I, [2014-03-03T19:29:33.713507 #56926]  INFO -- : 0:  ref (1.0.5) from /Users/bretonhandy/.rvm/gems/ruby-2.1.0/specifications/ref-1.0.5.gemspec
I, [2014-03-03T19:29:33.713950 #56926]  INFO -- : 0:  sdoc (0.4.0) from /Users/bretonhandy/.rvm/gems/ruby-2.1.0/specifications/sdoc-0.4.0.gemspec
I, [2014-03-03T19:29:33.714416 #56926]  INFO -- : 0:  sqlite3 (1.3.9) from /Users/bretonhandy/.rvm/gems/ruby-2.1.0/specifications/sqlite3-1.3.9.gemspec
I, [2014-03-03T19:29:49.921747 #56926]  INFO -- : 0:  therubyracer (0.12.1) from /Users/bretonhandy/.rvm/gems/ruby-2.1.0/specifications/therubyracer-0.12.1.gemspec
I, [2014-03-03T19:29:49.922639 #56926]  INFO -- : 0:  thin (1.6.1) from /Users/bretonhandy/.rvm/gems/ruby-2.1.0/specifications/thin-1.6.1.gemspec
I, [2014-03-03T19:29:49.923247 #56926]  INFO -- : 0:  turbolinks (2.2.1) from /Users/bretonhandy/.rvm/gems/ruby-2.1.0/specifications/turbolinks-2.2.1.gemspec
I, [2014-03-03T19:29:49.923762 #56926]  INFO -- : 0:  uglifier (2.4.0) from /Users/bretonhandy/.rvm/gems/ruby-2.1.0/specifications/uglifier-2.4.0.gemspec
I, [2014-03-03T19:29:49.924268 #56926]  INFO -- : 0:  unicorn (4.8.2) from /Users/bretonhandy/.rvm/gems/ruby-2.1.0/specifications/unicorn-4.8.2.gemspec
I, [2014-03-03T19:29:54.203425 #56926]  INFO -- : 0:  zurb-foundation (4.3.2) from /Users/bretonhandy/.rvm/gems/ruby-2.1.0/specifications/zurb-foundation-4.3.2.gemspec
I, [2014-03-03T19:41:07.906659 #58280]  INFO -- : 0:  rake (10.1.1) from /Users/bretonhandy/.rvm/gems/ruby-2.1.0/specifications/rake-10.1.1.gemspec
I, [2014-03-03T19:41:07.907229 #58280]  INFO -- : 0:  i18n (0.6.9) from /Users/bretonhandy/.rvm/gems/ruby-2.1.0/specifications/i18n-0.6.9.gemspec
I, [2014-03-03T19:41:07.907658 #58280]  INFO -- : 0:  minitest (4.7.5) from /Users/bretonhandy/.rvm/gems/ruby-2.1.0/specifications/minitest-4.7.5.gemspec
I, [2014-03-03T19:41:07.908138 #58280]  INFO -- : 0:  multi_json (1.8.4) from /Users/bretonhandy/.rvm/gems/ruby-2.1.0/specifications/multi_json-1.8.4.gemspec
I, [2014-03-03T19:41:07.908622 #58280]  INFO -- : 0:  atomic (1.1.15) from /Users/bretonhandy/.rvm/gems/ruby-2.1.0/specifications/atomic-1.1.15.gemspec
I, [2014-03-03T19:41:07.909083 #58280]  INFO -- : 0:  thread_safe (0.2.0) from /Users/bretonhandy/.rvm/gems/ruby-2.1.0/specifications/thread_safe-0.2.0.gemspec
I, [2014-03-03T19:41:07.909484 #58280]  INFO -- : 0:  tzinfo (0.3.38) from /Users/bretonhandy/.rvm/gems/ruby-2.1.0/specifications/tzinfo-0.3.38.gemspec
I, [2014-03-03T19:41:07.909896 #58280]  INFO -- : 0:  activesupport (4.0.2) from /Users/bretonhandy/.rvm/gems/ruby-2.1.0/specifications/activesupport-4.0.2.gemspec
I, [2014-03-03T19:41:07.910278 #58280]  INFO -- : 0:  builder (3.1.4) from /Users/bretonhandy/.rvm/gems/ruby-2.1.0/specifications/builder-3.1.4.gemspec
I, [2014-03-03T19:41:07.910663 #58280]  INFO -- : 0:  erubis (2.7.0) from /Users/bretonhandy/.rvm/gems/ruby-2.1.0/specifications/erubis-2.7.0.gemspec
I, [2014-03-03T19:41:07.911081 #58280]  INFO -- : 0:  rack (1.5.2) from /Users/bretonhandy/.rvm/gems/ruby-2.1.0/specifications/rack-1.5.2.gemspec
I, [2014-03-03T19:41:07.911465 #58280]  INFO -- : 0:  rack-test (0.6.2) from /Users/bretonhandy/.rvm/gems/ruby-2.1.0/specifications/rack-test-0.6.2.gemspec
I, [2014-03-03T19:41:07.911852 #58280]  INFO -- : 0:  actionpack (4.0.2) from /Users/bretonhandy/.rvm/gems/ruby-2.1.0/specifications/actionpack-4.0.2.gemspec
I, [2014-03-03T19:41:07.912252 #58280]  INFO -- : 0:  mime-types (1.25.1) from /Users/bretonhandy/.rvm/gems/ruby-2.1.0/specifications/mime-types-1.25.1.gemspec
I, [2014-03-03T19:41:07.912641 #58280]  INFO -- : 0:  polyglot (0.3.4) from /Users/bretonhandy/.rvm/gems/ruby-2.1.0/specifications/polyglot-0.3.4.gemspec
I, [2014-03-03T19:41:07.913060 #58280]  INFO -- : 0:  treetop (1.4.15) from /Users/bretonhandy/.rvm/gems/ruby-2.1.0/specifications/treetop-1.4.15.gemspec
I, [2014-03-03T19:41:07.913452 #58280]  INFO -- : 0:  mail (2.5.4) from /Users/bretonhandy/.rvm/gems/ruby-2.1.0/specifications/mail-2.5.4.gemspec
I, [2014-03-03T19:41:07.913852 #58280]  INFO -- : 0:  actionmailer (4.0.2) from /Users/bretonhandy/.rvm/gems/ruby-2.1.0/specifications/actionmailer-4.0.2.gemspec
I, [2014-03-03T19:41:07.914265 #58280]  INFO -- : 0:  activemodel (4.0.2) from /Users/bretonhandy/.rvm/gems/ruby-2.1.0/specifications/activemodel-4.0.2.gemspec
I, [2014-03-03T19:41:07.914690 #58280]  INFO -- : 0:  activerecord-deprecated_finders (1.0.3) from /Users/bretonhandy/.rvm/gems/ruby-2.1.0/specifications/activerecord-deprecated_finders-1.0.3.gemspec
I, [2014-03-03T19:41:07.915117 #58280]  INFO -- : 0:  arel (4.0.2) from /Users/bretonhandy/.rvm/gems/ruby-2.1.0/specifications/arel-4.0.2.gemspec
I, [2014-03-03T19:41:07.915541 #58280]  INFO -- : 0:  activerecord (4.0.2) from /Users/bretonhandy/.rvm/gems/ruby-2.1.0/specifications/activerecord-4.0.2.gemspec
I, [2014-03-03T19:41:07.915932 #58280]  INFO -- : 0:  bundler (1.5.1) from /Users/bretonhandy/.rvm/gems/ruby-2.1.0@global/specifications/bundler-1.5.1.gemspec
I, [2014-03-03T19:41:07.916379 #58280]  INFO -- : 0:  thor (0.18.1) from /Users/bretonhandy/.rvm/gems/ruby-2.1.0/specifications/thor-0.18.1.gemspec
I, [2014-03-03T19:41:07.916789 #58280]  INFO -- : 0:  railties (4.0.2) from /Users/bretonhandy/.rvm/gems/ruby-2.1.0/specifications/railties-4.0.2.gemspec
I, [2014-03-03T19:41:07.917194 #58280]  INFO -- : 0:  hike (1.2.3) from /Users/bretonhandy/.rvm/gems/ruby-2.1.0/specifications/hike-1.2.3.gemspec
I, [2014-03-03T19:41:07.917595 #58280]  INFO -- : 0:  tilt (1.4.1) from /Users/bretonhandy/.rvm/gems/ruby-2.1.0/specifications/tilt-1.4.1.gemspec
I, [2014-03-03T19:41:07.917999 #58280]  INFO -- : 0:  sprockets (2.11.0) from /Users/bretonhandy/.rvm/gems/ruby-2.1.0/specifications/sprockets-2.11.0.gemspec
I, [2014-03-03T19:41:07.918490 #58280]  INFO -- : 0:  sprockets-rails (2.0.1) from /Users/bretonhandy/.rvm/gems/ruby-2.1.0/specifications/sprockets-rails-2.0.1.gemspec
I, [2014-03-03T19:41:07.918941 #58280]  INFO -- : 0:  rails (4.0.2) from /Users/bretonhandy/.rvm/gems/ruby-2.1.0/specifications/rails-4.0.2.gemspec
I, [2014-03-03T19:41:07.919352 #58280]  INFO -- : 0:  acts-as-taggable-on (3.0.1) from /Users/bretonhandy/.rvm/gems/ruby-2.1.0/specifications/acts-as-taggable-on-3.0.1.gemspec
I, [2014-03-03T19:41:07.919885 #58280]  INFO -- : 0:  bcrypt (3.1.7) from /Users/bretonhandy/.rvm/gems/ruby-2.1.0/specifications/bcrypt-3.1.7.gemspec
I, [2014-03-03T19:41:07.920446 #58280]  INFO -- : 0:  bcrypt-ruby (3.1.5) from /Users/bretonhandy/.rvm/gems/ruby-2.1.0/specifications/bcrypt-ruby-3.1.5.gemspec
I, [2014-03-03T19:41:07.920902 #58280]  INFO -- : 0:  cancan (1.6.10) from /Users/bretonhandy/.rvm/gems/ruby-2.1.0/specifications/cancan-1.6.10.gemspec
I, [2014-03-03T19:41:07.921368 #58280]  INFO -- : 0:  chunky_png (1.3.0) from /Users/bretonhandy/.rvm/gems/ruby-2.1.0/specifications/chunky_png-1.3.0.gemspec
I, [2014-03-03T19:41:07.921845 #58280]  INFO -- : 0:  coffee-script-source (1.7.0) from /Users/bretonhandy/.rvm/gems/ruby-2.1.0/specifications/coffee-script-source-1.7.0.gemspec
I, [2014-03-03T19:41:07.922330 #58280]  INFO -- : 0:  execjs (2.0.2) from /Users/bretonhandy/.rvm/gems/ruby-2.1.0/specifications/execjs-2.0.2.gemspec
I, [2014-03-03T19:41:07.922800 #58280]  INFO -- : 0:  coffee-script (2.2.0) from /Users/bretonhandy/.rvm/gems/ruby-2.1.0/specifications/coffee-script-2.2.0.gemspec
I, [2014-03-03T19:41:07.923307 #58280]  INFO -- : 0:  coffee-rails (4.0.1) from /Users/bretonhandy/.rvm/gems/ruby-2.1.0/specifications/coffee-rails-4.0.1.gemspec
I, [2014-03-03T19:41:07.923763 #58280]  INFO -- : 0:  commonjs (0.2.7) from /Users/bretonhandy/.rvm/gems/ruby-2.1.0/specifications/commonjs-0.2.7.gemspec
I, [2014-03-03T19:41:07.924250 #58280]  INFO -- : 0:  fssm (0.2.10) from /Users/bretonhandy/.rvm/gems/ruby-2.1.0/specifications/fssm-0.2.10.gemspec
I, [2014-03-03T19:41:07.924719 #58280]  INFO -- : 0:  sass (3.2.14) from /Users/bretonhandy/.rvm/gems/ruby-2.1.0/specifications/sass-3.2.14.gemspec
I, [2014-03-03T19:41:07.925211 #58280]  INFO -- : 0:  compass (0.12.2) from /Users/bretonhandy/.rvm/gems/ruby-2.1.0/specifications/compass-0.12.2.gemspec
I, [2014-03-03T19:41:07.925669 #58280]  INFO -- : 0:  compass-rails (1.1.3) from /Users/bretonhandy/.rvm/gems/ruby-2.1.0/specifications/compass-rails-1.1.3.gemspec
I, [2014-03-03T19:41:07.926141 #58280]  INFO -- : 0:  daemons (1.1.9) from /Users/bretonhandy/.rvm/gems/ruby-2.1.0/specifications/daemons-1.1.9.gemspec
I, [2014-03-03T19:41:07.926644 #58280]  INFO -- : 0:  orm_adapter (0.5.0) from /Users/bretonhandy/.rvm/gems/ruby-2.1.0/specifications/orm_adapter-0.5.0.gemspec
I, [2014-03-03T19:41:07.927147 #58280]  INFO -- : 0:  warden (1.2.3) from /Users/bretonhandy/.rvm/gems/ruby-2.1.0/specifications/warden-1.2.3.gemspec
I, [2014-03-03T19:41:07.927724 #58280]  INFO -- : 0:  devise (3.2.3) from /Users/bretonhandy/.rvm/gems/ruby-2.1.0/specifications/devise-3.2.3.gemspec
I, [2014-03-03T19:41:07.928250 #58280]  INFO -- : 0:  eventmachine (1.0.3) from /Users/bretonhandy/.rvm/gems/ruby-2.1.0/specifications/eventmachine-1.0.3.gemspec
I, [2014-03-03T19:41:07.928735 #58280]  INFO -- : 0:  fastercsv (1.5.5) from /Users/bretonhandy/.rvm/gems/ruby-2.1.0/specifications/fastercsv-1.5.5.gemspec
I, [2014-03-03T19:41:07.929264 #58280]  INFO -- : 0:  font-awesome-rails (4.0.3.1) from /Users/bretonhandy/.rvm/gems/ruby-2.1.0/specifications/font-awesome-rails-4.0.3.1.gemspec
I, [2014-03-03T19:41:07.936660 #58280]  INFO -- : 0:  haml (4.0.5) from /Users/bretonhandy/.rvm/gems/ruby-2.1.0/specifications/haml-4.0.5.gemspec
I, [2014-03-03T19:41:07.937223 #58280]  INFO -- : 0:  jbuilder (1.5.3) from /Users/bretonhandy/.rvm/gems/ruby-2.1.0/specifications/jbuilder-1.5.3.gemspec
I, [2014-03-03T19:41:07.937679 #58280]  INFO -- : 0:  jquery-rails (3.1.0) from /Users/bretonhandy/.rvm/gems/ruby-2.1.0/specifications/jquery-rails-3.1.0.gemspec
I, [2014-03-03T19:41:07.938342 #58280]  INFO -- : 0:  jquery-ui-rails (4.2.0) from /Users/bretonhandy/.rvm/gems/ruby-2.1.0/specifications/jquery-ui-rails-4.2.0.gemspec
I, [2014-03-03T19:41:07.938866 #58280]  INFO -- : 0:  json (1.8.1) from /Users/bretonhandy/.rvm/gems/ruby-2.1.0/specifications/json-1.8.1.gemspec
I, [2014-03-03T19:41:07.939474 #58280]  INFO -- : 0:  kaminari (0.15.1) from /Users/bretonhandy/.rvm/gems/ruby-2.1.0/specifications/kaminari-0.15.1.gemspec
I, [2014-03-03T19:41:07.940118 #58280]  INFO -- : 0:  kgio (2.9.2) from /Users/bretonhandy/.rvm/gems/ruby-2.1.0/specifications/kgio-2.9.2.gemspec
I, [2014-03-03T19:41:07.940753 #58280]  INFO -- : 0:  less (2.4.0) from /Users/bretonhandy/.rvm/gems/ruby-2.1.0/specifications/less-2.4.0.gemspec
I, [2014-03-03T19:41:07.941255 #58280]  INFO -- : 0:  less-rails (2.4.2) from /Users/bretonhandy/.rvm/gems/ruby-2.1.0/specifications/less-rails-2.4.2.gemspec
I, [2014-03-03T19:41:07.941702 #58280]  INFO -- : 0:  libv8 (3.16.14.3) from /Users/bretonhandy/.rvm/gems/ruby-2.1.0/specifications/libv8-3.16.14.3-x86_64-darwin-13.gemspec
I, [2014-03-03T19:41:07.942128 #58280]  INFO -- : 0:  mini_portile (0.5.2) from /Users/bretonhandy/.rvm/gems/ruby-2.1.0/specifications/mini_portile-0.5.2.gemspec
I, [2014-03-03T19:41:07.942561 #58280]  INFO -- : 0:  nested_form (0.3.2) from /Users/bretonhandy/.rvm/gems/ruby-2.1.0/specifications/nested_form-0.3.2.gemspec
I, [2014-03-03T19:41:07.942997 #58280]  INFO -- : 0:  nokogiri (1.6.1) from /Users/bretonhandy/.rvm/gems/ruby-2.1.0/specifications/nokogiri-1.6.1.gemspec
I, [2014-03-03T19:41:07.943434 #58280]  INFO -- : 0:  pg (0.17.1) from /Users/bretonhandy/.rvm/gems/ruby-2.1.0/specifications/pg-0.17.1.gemspec
I, [2014-03-03T19:41:07.943856 #58280]  INFO -- : 0:  rack-pjax (0.7.0) from /Users/bretonhandy/.rvm/gems/ruby-2.1.0/specifications/rack-pjax-0.7.0.gemspec
I, [2014-03-03T19:41:07.944295 #58280]  INFO -- : 0:  rails_serve_static_assets (0.0.2) from /Users/bretonhandy/.rvm/gems/ruby-2.1.0/specifications/rails_serve_static_assets-0.0.2.gemspec
I, [2014-03-03T19:41:07.944742 #58280]  INFO -- : 0:  rails_stdout_logging (0.0.3) from /Users/bretonhandy/.rvm/gems/ruby-2.1.0/specifications/rails_stdout_logging-0.0.3.gemspec
I, [2014-03-03T19:41:07.945182 #58280]  INFO -- : 0:  rails_12factor (0.0.2) from /Users/bretonhandy/.rvm/gems/ruby-2.1.0/specifications/rails_12factor-0.0.2.gemspec
I, [2014-03-03T19:41:07.945609 #58280]  INFO -- : 0:  remotipart (1.2.1) from /Users/bretonhandy/.rvm/gems/ruby-2.1.0/specifications/remotipart-1.2.1.gemspec
I, [2014-03-03T19:41:07.946063 #58280]  INFO -- : 0:  safe_yaml (1.0.1) from /Users/bretonhandy/.rvm/gems/ruby-2.1.0/specifications/safe_yaml-1.0.1.gemspec
I, [2014-03-03T19:41:07.946505 #58280]  INFO -- : 0:  sass-rails (4.0.1) from /Users/bretonhandy/.rvm/gems/ruby-2.1.0/specifications/sass-rails-4.0.1.gemspec
I, [2014-03-03T19:41:08.546669 #58280]  INFO -- : 0:  rails_admin (0.6.1) from /Users/bretonhandy/.rvm/gems/ruby-2.1.0/bundler/gems/rails_admin-2f50d5ed4a06/rails_admin.gemspec
I, [2014-03-03T19:41:08.547676 #58280]  INFO -- : 0:  raindrops (0.13.0) from /Users/bretonhandy/.rvm/gems/ruby-2.1.0/specifications/raindrops-0.13.0.gemspec
I, [2014-03-03T19:41:08.548396 #58280]  INFO -- : 0:  rdoc (4.1.1) from /Users/bretonhandy/.rvm/gems/ruby-2.1.0/specifications/rdoc-4.1.1.gemspec
I, [2014-03-03T19:41:08.549010 #58280]  INFO -- : 0:  ref (1.0.5) from /Users/bretonhandy/.rvm/gems/ruby-2.1.0/specifications/ref-1.0.5.gemspec
I, [2014-03-03T19:41:08.549583 #58280]  INFO -- : 0:  sdoc (0.4.0) from /Users/bretonhandy/.rvm/gems/ruby-2.1.0/specifications/sdoc-0.4.0.gemspec
I, [2014-03-03T19:41:08.550170 #58280]  INFO -- : 0:  sqlite3 (1.3.9) from /Users/bretonhandy/.rvm/gems/ruby-2.1.0/specifications/sqlite3-1.3.9.gemspec
I, [2014-03-03T19:41:08.550755 #58280]  INFO -- : 0:  therubyracer (0.12.1) from /Users/bretonhandy/.rvm/gems/ruby-2.1.0/specifications/therubyracer-0.12.1.gemspec
I, [2014-03-03T19:41:08.551332 #58280]  INFO -- : 0:  thin (1.6.1) from /Users/bretonhandy/.rvm/gems/ruby-2.1.0/specifications/thin-1.6.1.gemspec
I, [2014-03-03T19:41:08.551916 #58280]  INFO -- : 0:  turbolinks (2.2.1) from /Users/bretonhandy/.rvm/gems/ruby-2.1.0/specifications/turbolinks-2.2.1.gemspec
I, [2014-03-03T19:41:08.552460 #58280]  INFO -- : 0:  uglifier (2.4.0) from /Users/bretonhandy/.rvm/gems/ruby-2.1.0/specifications/uglifier-2.4.0.gemspec
I, [2014-03-03T19:41:08.552953 #58280]  INFO -- : 0:  unicorn (4.8.2) from /Users/bretonhandy/.rvm/gems/ruby-2.1.0/specifications/unicorn-4.8.2.gemspec
I, [2014-03-03T19:41:08.553439 #58280]  INFO -- : 0:  zurb-foundation (4.3.2) from /Users/bretonhandy/.rvm/gems/ruby-2.1.0/specifications/zurb-foundation-4.3.2.gemspec
I, [2014-03-03T19:43:56.568284 #58291]  INFO -- : 0:  rake (10.1.1) from /Users/bretonhandy/.rvm/gems/ruby-2.1.0/specifications/rake-10.1.1.gemspec
I, [2014-03-03T19:43:56.569461 #58291]  INFO -- : 0:  i18n (0.6.9) from /Users/bretonhandy/.rvm/gems/ruby-2.1.0/specifications/i18n-0.6.9.gemspec
I, [2014-03-03T19:43:56.570268 #58291]  INFO -- : 0:  minitest (4.7.5) from /Users/bretonhandy/.rvm/gems/ruby-2.1.0/specifications/minitest-4.7.5.gemspec
I, [2014-03-03T19:43:56.571029 #58291]  INFO -- : 0:  multi_json (1.8.4) from /Users/bretonhandy/.rvm/gems/ruby-2.1.0/specifications/multi_json-1.8.4.gemspec
I, [2014-03-03T19:43:56.571774 #58291]  INFO -- : 0:  atomic (1.1.15) from /Users/bretonhandy/.rvm/gems/ruby-2.1.0/specifications/atomic-1.1.15.gemspec
I, [2014-03-03T19:43:56.572596 #58291]  INFO -- : 0:  thread_safe (0.2.0) from /Users/bretonhandy/.rvm/gems/ruby-2.1.0/specifications/thread_safe-0.2.0.gemspec
I, [2014-03-03T19:43:56.573300 #58291]  INFO -- : 0:  tzinfo (0.3.38) from /Users/bretonhandy/.rvm/gems/ruby-2.1.0/specifications/tzinfo-0.3.38.gemspec
I, [2014-03-03T19:43:56.573939 #58291]  INFO -- : 0:  activesupport (4.0.2) from /Users/bretonhandy/.rvm/gems/ruby-2.1.0/specifications/activesupport-4.0.2.gemspec
I, [2014-03-03T19:43:56.574567 #58291]  INFO -- : 0:  builder (3.1.4) from /Users/bretonhandy/.rvm/gems/ruby-2.1.0/specifications/builder-3.1.4.gemspec
I, [2014-03-03T19:43:56.575164 #58291]  INFO -- : 0:  erubis (2.7.0) from /Users/bretonhandy/.rvm/gems/ruby-2.1.0/specifications/erubis-2.7.0.gemspec
I, [2014-03-03T19:43:56.575735 #58291]  INFO -- : 0:  rack (1.5.2) from /Users/bretonhandy/.rvm/gems/ruby-2.1.0/specifications/rack-1.5.2.gemspec
I, [2014-03-03T19:43:56.576291 #58291]  INFO -- : 0:  rack-test (0.6.2) from /Users/bretonhandy/.rvm/gems/ruby-2.1.0/specifications/rack-test-0.6.2.gemspec
I, [2014-03-03T19:43:56.576847 #58291]  INFO -- : 0:  actionpack (4.0.2) from /Users/bretonhandy/.rvm/gems/ruby-2.1.0/specifications/actionpack-4.0.2.gemspec
I, [2014-03-03T19:43:56.577410 #58291]  INFO -- : 0:  mime-types (1.25.1) from /Users/bretonhandy/.rvm/gems/ruby-2.1.0/specifications/mime-types-1.25.1.gemspec
I, [2014-03-03T19:43:56.577983 #58291]  INFO -- : 0:  polyglot (0.3.4) from /Users/bretonhandy/.rvm/gems/ruby-2.1.0/specifications/polyglot-0.3.4.gemspec
I, [2014-03-03T19:43:56.578548 #58291]  INFO -- : 0:  treetop (1.4.15) from /Users/bretonhandy/.rvm/gems/ruby-2.1.0/specifications/treetop-1.4.15.gemspec
I, [2014-03-03T19:43:56.579108 #58291]  INFO -- : 0:  mail (2.5.4) from /Users/bretonhandy/.rvm/gems/ruby-2.1.0/specifications/mail-2.5.4.gemspec
I, [2014-03-03T19:43:56.579666 #58291]  INFO -- : 0:  actionmailer (4.0.2) from /Users/bretonhandy/.rvm/gems/ruby-2.1.0/specifications/actionmailer-4.0.2.gemspec
I, [2014-03-03T19:43:56.580223 #58291]  INFO -- : 0:  activemodel (4.0.2) from /Users/bretonhandy/.rvm/gems/ruby-2.1.0/specifications/activemodel-4.0.2.gemspec
I, [2014-03-03T19:43:56.580786 #58291]  INFO -- : 0:  activerecord-deprecated_finders (1.0.3) from /Users/bretonhandy/.rvm/gems/ruby-2.1.0/specifications/activerecord-deprecated_finders-1.0.3.gemspec
I, [2014-03-03T19:43:56.581355 #58291]  INFO -- : 0:  arel (4.0.2) from /Users/bretonhandy/.rvm/gems/ruby-2.1.0/specifications/arel-4.0.2.gemspec
I, [2014-03-03T19:43:56.581919 #58291]  INFO -- : 0:  activerecord (4.0.2) from /Users/bretonhandy/.rvm/gems/ruby-2.1.0/specifications/activerecord-4.0.2.gemspec
I, [2014-03-03T19:43:56.582397 #58291]  INFO -- : 0:  bundler (1.5.1) from /Users/bretonhandy/.rvm/gems/ruby-2.1.0@global/specifications/bundler-1.5.1.gemspec
I, [2014-03-03T19:43:56.582798 #58291]  INFO -- : 0:  thor (0.18.1) from /Users/bretonhandy/.rvm/gems/ruby-2.1.0/specifications/thor-0.18.1.gemspec
I, [2014-03-03T19:43:56.583161 #58291]  INFO -- : 0:  railties (4.0.2) from /Users/bretonhandy/.rvm/gems/ruby-2.1.0/specifications/railties-4.0.2.gemspec
I, [2014-03-03T19:43:56.583521 #58291]  INFO -- : 0:  hike (1.2.3) from /Users/bretonhandy/.rvm/gems/ruby-2.1.0/specifications/hike-1.2.3.gemspec
I, [2014-03-03T19:43:56.583886 #58291]  INFO -- : 0:  tilt (1.4.1) from /Users/bretonhandy/.rvm/gems/ruby-2.1.0/specifications/tilt-1.4.1.gemspec
I, [2014-03-03T19:43:56.584259 #58291]  INFO -- : 0:  sprockets (2.11.0) from /Users/bretonhandy/.rvm/gems/ruby-2.1.0/specifications/sprockets-2.11.0.gemspec
I, [2014-03-03T19:43:56.584663 #58291]  INFO -- : 0:  sprockets-rails (2.0.1) from /Users/bretonhandy/.rvm/gems/ruby-2.1.0/specifications/sprockets-rails-2.0.1.gemspec
I, [2014-03-03T19:43:56.585077 #58291]  INFO -- : 0:  rails (4.0.2) from /Users/bretonhandy/.rvm/gems/ruby-2.1.0/specifications/rails-4.0.2.gemspec
I, [2014-03-03T19:43:56.585449 #58291]  INFO -- : 0:  acts-as-taggable-on (3.0.1) from /Users/bretonhandy/.rvm/gems/ruby-2.1.0/specifications/acts-as-taggable-on-3.0.1.gemspec
I, [2014-03-03T19:43:56.585815 #58291]  INFO -- : 0:  bcrypt (3.1.7) from /Users/bretonhandy/.rvm/gems/ruby-2.1.0/specifications/bcrypt-3.1.7.gemspec
I, [2014-03-03T19:43:56.586184 #58291]  INFO -- : 0:  bcrypt-ruby (3.1.5) from /Users/bretonhandy/.rvm/gems/ruby-2.1.0/specifications/bcrypt-ruby-3.1.5.gemspec
I, [2014-03-03T19:43:56.586544 #58291]  INFO -- : 0:  cancan (1.6.10) from /Users/bretonhandy/.rvm/gems/ruby-2.1.0/specifications/cancan-1.6.10.gemspec
I, [2014-03-03T19:43:56.586914 #58291]  INFO -- : 0:  chunky_png (1.3.0) from /Users/bretonhandy/.rvm/gems/ruby-2.1.0/specifications/chunky_png-1.3.0.gemspec
I, [2014-03-03T19:43:56.587288 #58291]  INFO -- : 0:  coffee-script-source (1.7.0) from /Users/bretonhandy/.rvm/gems/ruby-2.1.0/specifications/coffee-script-source-1.7.0.gemspec
I, [2014-03-03T19:43:56.587656 #58291]  INFO -- : 0:  execjs (2.0.2) from /Users/bretonhandy/.rvm/gems/ruby-2.1.0/specifications/execjs-2.0.2.gemspec
I, [2014-03-03T19:43:56.588022 #58291]  INFO -- : 0:  coffee-script (2.2.0) from /Users/bretonhandy/.rvm/gems/ruby-2.1.0/specifications/coffee-script-2.2.0.gemspec
I, [2014-03-03T19:43:56.588392 #58291]  INFO -- : 0:  coffee-rails (4.0.1) from /Users/bretonhandy/.rvm/gems/ruby-2.1.0/specifications/coffee-rails-4.0.1.gemspec
I, [2014-03-03T19:43:56.588758 #58291]  INFO -- : 0:  commonjs (0.2.7) from /Users/bretonhandy/.rvm/gems/ruby-2.1.0/specifications/commonjs-0.2.7.gemspec
I, [2014-03-03T19:43:56.589163 #58291]  INFO -- : 0:  fssm (0.2.10) from /Users/bretonhandy/.rvm/gems/ruby-2.1.0/specifications/fssm-0.2.10.gemspec
I, [2014-03-03T19:43:56.589537 #58291]  INFO -- : 0:  sass (3.2.14) from /Users/bretonhandy/.rvm/gems/ruby-2.1.0/specifications/sass-3.2.14.gemspec
I, [2014-03-03T19:43:56.589908 #58291]  INFO -- : 0:  compass (0.12.2) from /Users/bretonhandy/.rvm/gems/ruby-2.1.0/specifications/compass-0.12.2.gemspec
I, [2014-03-03T19:43:56.590272 #58291]  INFO -- : 0:  compass-rails (1.1.3) from /Users/bretonhandy/.rvm/gems/ruby-2.1.0/specifications/compass-rails-1.1.3.gemspec
I, [2014-03-03T19:43:56.590639 #58291]  INFO -- : 0:  daemons (1.1.9) from /Users/bretonhandy/.rvm/gems/ruby-2.1.0/specifications/daemons-1.1.9.gemspec
I, [2014-03-03T19:43:56.591000 #58291]  INFO -- : 0:  orm_adapter (0.5.0) from /Users/bretonhandy/.rvm/gems/ruby-2.1.0/specifications/orm_adapter-0.5.0.gemspec
I, [2014-03-03T19:43:56.591393 #58291]  INFO -- : 0:  warden (1.2.3) from /Users/bretonhandy/.rvm/gems/ruby-2.1.0/specifications/warden-1.2.3.gemspec
I, [2014-03-03T19:43:56.591782 #58291]  INFO -- : 0:  devise (3.2.3) from /Users/bretonhandy/.rvm/gems/ruby-2.1.0/specifications/devise-3.2.3.gemspec
I, [2014-03-03T19:43:56.592167 #58291]  INFO -- : 0:  eventmachine (1.0.3) from /Users/bretonhandy/.rvm/gems/ruby-2.1.0/specifications/eventmachine-1.0.3.gemspec
I, [2014-03-03T19:43:56.592559 #58291]  INFO -- : 0:  fastercsv (1.5.5) from /Users/bretonhandy/.rvm/gems/ruby-2.1.0/specifications/fastercsv-1.5.5.gemspec
I, [2014-03-03T19:43:56.592964 #58291]  INFO -- : 0:  font-awesome-rails (4.0.3.1) from /Users/bretonhandy/.rvm/gems/ruby-2.1.0/specifications/font-awesome-rails-4.0.3.1.gemspec
I, [2014-03-03T19:43:58.568887 #58291]  INFO -- : 0:  foundation-rails (5.0.3.1) from /Users/bretonhandy/.rvm/gems/ruby-2.1.0/specifications/foundation-rails-5.0.3.1.gemspec
I, [2014-03-03T19:43:58.569462 #58291]  INFO -- : 0:  haml (4.0.5) from /Users/bretonhandy/.rvm/gems/ruby-2.1.0/specifications/haml-4.0.5.gemspec
I, [2014-03-03T19:43:58.569853 #58291]  INFO -- : 0:  jbuilder (1.5.3) from /Users/bretonhandy/.rvm/gems/ruby-2.1.0/specifications/jbuilder-1.5.3.gemspec
I, [2014-03-03T19:43:58.570238 #58291]  INFO -- : 0:  jquery-rails (3.1.0) from /Users/bretonhandy/.rvm/gems/ruby-2.1.0/specifications/jquery-rails-3.1.0.gemspec
I, [2014-03-03T19:43:58.570627 #58291]  INFO -- : 0:  jquery-ui-rails (4.2.0) from /Users/bretonhandy/.rvm/gems/ruby-2.1.0/specifications/jquery-ui-rails-4.2.0.gemspec
I, [2014-03-03T19:43:58.571005 #58291]  INFO -- : 0:  json (1.8.1) from /Users/bretonhandy/.rvm/gems/ruby-2.1.0/specifications/json-1.8.1.gemspec
I, [2014-03-03T19:43:58.571390 #58291]  INFO -- : 0:  kaminari (0.15.1) from /Users/bretonhandy/.rvm/gems/ruby-2.1.0/specifications/kaminari-0.15.1.gemspec
I, [2014-03-03T19:43:58.571777 #58291]  INFO -- : 0:  kgio (2.9.2) from /Users/bretonhandy/.rvm/gems/ruby-2.1.0/specifications/kgio-2.9.2.gemspec
I, [2014-03-03T19:43:58.572157 #58291]  INFO -- : 0:  less (2.4.0) from /Users/bretonhandy/.rvm/gems/ruby-2.1.0/specifications/less-2.4.0.gemspec
I, [2014-03-03T19:43:58.572541 #58291]  INFO -- : 0:  less-rails (2.4.2) from /Users/bretonhandy/.rvm/gems/ruby-2.1.0/specifications/less-rails-2.4.2.gemspec
I, [2014-03-03T19:43:58.572953 #58291]  INFO -- : 0:  libv8 (3.16.14.3) from /Users/bretonhandy/.rvm/gems/ruby-2.1.0/specifications/libv8-3.16.14.3-x86_64-darwin-13.gemspec
I, [2014-03-03T19:43:58.573338 #58291]  INFO -- : 0:  mini_portile (0.5.2) from /Users/bretonhandy/.rvm/gems/ruby-2.1.0/specifications/mini_portile-0.5.2.gemspec
I, [2014-03-03T19:43:58.573718 #58291]  INFO -- : 0:  nested_form (0.3.2) from /Users/bretonhandy/.rvm/gems/ruby-2.1.0/specifications/nested_form-0.3.2.gemspec
I, [2014-03-03T19:43:58.574097 #58291]  INFO -- : 0:  nokogiri (1.6.1) from /Users/bretonhandy/.rvm/gems/ruby-2.1.0/specifications/nokogiri-1.6.1.gemspec
I, [2014-03-03T19:43:58.574469 #58291]  INFO -- : 0:  pg (0.17.1) from /Users/bretonhandy/.rvm/gems/ruby-2.1.0/specifications/pg-0.17.1.gemspec
I, [2014-03-03T19:43:58.574843 #58291]  INFO -- : 0:  rack-pjax (0.7.0) from /Users/bretonhandy/.rvm/gems/ruby-2.1.0/specifications/rack-pjax-0.7.0.gemspec
I, [2014-03-03T19:43:58.575217 #58291]  INFO -- : 0:  rails_serve_static_assets (0.0.2) from /Users/bretonhandy/.rvm/gems/ruby-2.1.0/specifications/rails_serve_static_assets-0.0.2.gemspec
I, [2014-03-03T19:43:58.575594 #58291]  INFO -- : 0:  rails_stdout_logging (0.0.3) from /Users/bretonhandy/.rvm/gems/ruby-2.1.0/specifications/rails_stdout_logging-0.0.3.gemspec
I, [2014-03-03T19:43:58.575968 #58291]  INFO -- : 0:  rails_12factor (0.0.2) from /Users/bretonhandy/.rvm/gems/ruby-2.1.0/specifications/rails_12factor-0.0.2.gemspec
I, [2014-03-03T19:43:58.576345 #58291]  INFO -- : 0:  remotipart (1.2.1) from /Users/bretonhandy/.rvm/gems/ruby-2.1.0/specifications/remotipart-1.2.1.gemspec
I, [2014-03-03T19:43:58.576967 #58291]  INFO -- : 0:  safe_yaml (1.0.1) from /Users/bretonhandy/.rvm/gems/ruby-2.1.0/specifications/safe_yaml-1.0.1.gemspec
I, [2014-03-03T19:43:58.577352 #58291]  INFO -- : 0:  sass-rails (4.0.1) from /Users/bretonhandy/.rvm/gems/ruby-2.1.0/specifications/sass-rails-4.0.1.gemspec
I, [2014-03-03T19:43:59.218622 #58291]  INFO -- : 0:  rails_admin (0.6.1) from /Users/bretonhandy/.rvm/gems/ruby-2.1.0/bundler/gems/rails_admin-2f50d5ed4a06/rails_admin.gemspec
I, [2014-03-03T19:43:59.219238 #58291]  INFO -- : 0:  raindrops (0.13.0) from /Users/bretonhandy/.rvm/gems/ruby-2.1.0/specifications/raindrops-0.13.0.gemspec
I, [2014-03-03T19:43:59.219640 #58291]  INFO -- : 0:  rdoc (4.1.1) from /Users/bretonhandy/.rvm/gems/ruby-2.1.0/specifications/rdoc-4.1.1.gemspec
I, [2014-03-03T19:43:59.220028 #58291]  INFO -- : 0:  ref (1.0.5) from /Users/bretonhandy/.rvm/gems/ruby-2.1.0/specifications/ref-1.0.5.gemspec
I, [2014-03-03T19:43:59.220484 #58291]  INFO -- : 0:  sdoc (0.4.0) from /Users/bretonhandy/.rvm/gems/ruby-2.1.0/specifications/sdoc-0.4.0.gemspec
I, [2014-03-03T19:43:59.220933 #58291]  INFO -- : 0:  sqlite3 (1.3.9) from /Users/bretonhandy/.rvm/gems/ruby-2.1.0/specifications/sqlite3-1.3.9.gemspec
I, [2014-03-03T19:43:59.221310 #58291]  INFO -- : 0:  therubyracer (0.12.1) from /Users/bretonhandy/.rvm/gems/ruby-2.1.0/specifications/therubyracer-0.12.1.gemspec
I, [2014-03-03T19:43:59.221734 #58291]  INFO -- : 0:  thin (1.6.1) from /Users/bretonhandy/.rvm/gems/ruby-2.1.0/specifications/thin-1.6.1.gemspec
I, [2014-03-03T19:43:59.222126 #58291]  INFO -- : 0:  turbolinks (2.2.1) from /Users/bretonhandy/.rvm/gems/ruby-2.1.0/specifications/turbolinks-2.2.1.gemspec
I, [2014-03-03T19:43:59.222506 #58291]  INFO -- : 0:  uglifier (2.4.0) from /Users/bretonhandy/.rvm/gems/ruby-2.1.0/specifications/uglifier-2.4.0.gemspec
I, [2014-03-03T19:43:59.222889 #58291]  INFO -- : 0:  unicorn (4.8.2) from /Users/bretonhandy/.rvm/gems/ruby-2.1.0/specifications/unicorn-4.8.2.gemspec
I, [2014-03-03T19:43:59.223270 #58291]  INFO -- : 0:  zurb-foundation (4.3.2) from /Users/bretonhandy/.rvm/gems/ruby-2.1.0/specifications/zurb-foundation-4.3.2.gemspec
I, [2014-03-03T19:45:07.936250 #58312]  INFO -- : 0:  rake (10.1.1) from /Users/bretonhandy/.rvm/gems/ruby-2.1.0/specifications/rake-10.1.1.gemspec
I, [2014-03-03T19:45:07.936935 #58312]  INFO -- : 0:  i18n (0.6.9) from /Users/bretonhandy/.rvm/gems/ruby-2.1.0/specifications/i18n-0.6.9.gemspec
I, [2014-03-03T19:45:07.937393 #58312]  INFO -- : 0:  minitest (4.7.5) from /Users/bretonhandy/.rvm/gems/ruby-2.1.0/specifications/minitest-4.7.5.gemspec
I, [2014-03-03T19:45:07.937808 #58312]  INFO -- : 0:  multi_json (1.8.4) from /Users/bretonhandy/.rvm/gems/ruby-2.1.0/specifications/multi_json-1.8.4.gemspec
I, [2014-03-03T19:45:07.938231 #58312]  INFO -- : 0:  atomic (1.1.15) from /Users/bretonhandy/.rvm/gems/ruby-2.1.0/specifications/atomic-1.1.15.gemspec
I, [2014-03-03T19:45:07.938677 #58312]  INFO -- : 0:  thread_safe (0.2.0) from /Users/bretonhandy/.rvm/gems/ruby-2.1.0/specifications/thread_safe-0.2.0.gemspec
I, [2014-03-03T19:45:07.939135 #58312]  INFO -- : 0:  tzinfo (0.3.38) from /Users/bretonhandy/.rvm/gems/ruby-2.1.0/specifications/tzinfo-0.3.38.gemspec
I, [2014-03-03T19:45:07.939607 #58312]  INFO -- : 0:  activesupport (4.0.2) from /Users/bretonhandy/.rvm/gems/ruby-2.1.0/specifications/activesupport-4.0.2.gemspec
I, [2014-03-03T19:45:07.940049 #58312]  INFO -- : 0:  builder (3.1.4) from /Users/bretonhandy/.rvm/gems/ruby-2.1.0/specifications/builder-3.1.4.gemspec
I, [2014-03-03T19:45:07.940453 #58312]  INFO -- : 0:  erubis (2.7.0) from /Users/bretonhandy/.rvm/gems/ruby-2.1.0/specifications/erubis-2.7.0.gemspec
I, [2014-03-03T19:45:07.940897 #58312]  INFO -- : 0:  rack (1.5.2) from /Users/bretonhandy/.rvm/gems/ruby-2.1.0/specifications/rack-1.5.2.gemspec
I, [2014-03-03T19:45:07.941295 #58312]  INFO -- : 0:  rack-test (0.6.2) from /Users/bretonhandy/.rvm/gems/ruby-2.1.0/specifications/rack-test-0.6.2.gemspec
I, [2014-03-03T19:45:07.941708 #58312]  INFO -- : 0:  actionpack (4.0.2) from /Users/bretonhandy/.rvm/gems/ruby-2.1.0/specifications/actionpack-4.0.2.gemspec
I, [2014-03-03T19:45:07.942131 #58312]  INFO -- : 0:  mime-types (1.25.1) from /Users/bretonhandy/.rvm/gems/ruby-2.1.0/specifications/mime-types-1.25.1.gemspec
I, [2014-03-03T19:45:07.942582 #58312]  INFO -- : 0:  polyglot (0.3.4) from /Users/bretonhandy/.rvm/gems/ruby-2.1.0/specifications/polyglot-0.3.4.gemspec
I, [2014-03-03T19:45:07.943024 #58312]  INFO -- : 0:  treetop (1.4.15) from /Users/bretonhandy/.rvm/gems/ruby-2.1.0/specifications/treetop-1.4.15.gemspec
I, [2014-03-03T19:45:07.943421 #58312]  INFO -- : 0:  mail (2.5.4) from /Users/bretonhandy/.rvm/gems/ruby-2.1.0/specifications/mail-2.5.4.gemspec
I, [2014-03-03T19:45:07.943880 #58312]  INFO -- : 0:  actionmailer (4.0.2) from /Users/bretonhandy/.rvm/gems/ruby-2.1.0/specifications/actionmailer-4.0.2.gemspec
I, [2014-03-03T19:45:07.944313 #58312]  INFO -- : 0:  activemodel (4.0.2) from /Users/bretonhandy/.rvm/gems/ruby-2.1.0/specifications/activemodel-4.0.2.gemspec
I, [2014-03-03T19:45:07.944782 #58312]  INFO -- : 0:  activerecord-deprecated_finders (1.0.3) from /Users/bretonhandy/.rvm/gems/ruby-2.1.0/specifications/activerecord-deprecated_finders-1.0.3.gemspec
I, [2014-03-03T19:45:07.945192 #58312]  INFO -- : 0:  arel (4.0.2) from /Users/bretonhandy/.rvm/gems/ruby-2.1.0/specifications/arel-4.0.2.gemspec
I, [2014-03-03T19:45:07.945612 #58312]  INFO -- : 0:  activerecord (4.0.2) from /Users/bretonhandy/.rvm/gems/ruby-2.1.0/specifications/activerecord-4.0.2.gemspec
I, [2014-03-03T19:45:07.946025 #58312]  INFO -- : 0:  bundler (1.5.1) from /Users/bretonhandy/.rvm/gems/ruby-2.1.0@global/specifications/bundler-1.5.1.gemspec
I, [2014-03-03T19:45:07.946476 #58312]  INFO -- : 0:  thor (0.18.1) from /Users/bretonhandy/.rvm/gems/ruby-2.1.0/specifications/thor-0.18.1.gemspec
I, [2014-03-03T19:45:07.946916 #58312]  INFO -- : 0:  railties (4.0.2) from /Users/bretonhandy/.rvm/gems/ruby-2.1.0/specifications/railties-4.0.2.gemspec
I, [2014-03-03T19:45:07.947369 #58312]  INFO -- : 0:  hike (1.2.3) from /Users/bretonhandy/.rvm/gems/ruby-2.1.0/specifications/hike-1.2.3.gemspec
I, [2014-03-03T19:45:07.947757 #58312]  INFO -- : 0:  tilt (1.4.1) from /Users/bretonhandy/.rvm/gems/ruby-2.1.0/specifications/tilt-1.4.1.gemspec
I, [2014-03-03T19:45:07.948177 #58312]  INFO -- : 0:  sprockets (2.11.0) from /Users/bretonhandy/.rvm/gems/ruby-2.1.0/specifications/sprockets-2.11.0.gemspec
I, [2014-03-03T19:45:07.948632 #58312]  INFO -- : 0:  sprockets-rails (2.0.1) from /Users/bretonhandy/.rvm/gems/ruby-2.1.0/specifications/sprockets-rails-2.0.1.gemspec
I, [2014-03-03T19:45:07.949087 #58312]  INFO -- : 0:  rails (4.0.2) from /Users/bretonhandy/.rvm/gems/ruby-2.1.0/specifications/rails-4.0.2.gemspec
I, [2014-03-03T19:45:07.949507 #58312]  INFO -- : 0:  acts-as-taggable-on (3.0.1) from /Users/bretonhandy/.rvm/gems/ruby-2.1.0/specifications/acts-as-taggable-on-3.0.1.gemspec
I, [2014-03-03T19:45:07.949943 #58312]  INFO -- : 0:  bcrypt (3.1.7) from /Users/bretonhandy/.rvm/gems/ruby-2.1.0/specifications/bcrypt-3.1.7.gemspec
I, [2014-03-03T19:45:07.950408 #58312]  INFO -- : 0:  bcrypt-ruby (3.1.5) from /Users/bretonhandy/.rvm/gems/ruby-2.1.0/specifications/bcrypt-ruby-3.1.5.gemspec
I, [2014-03-03T19:45:07.950915 #58312]  INFO -- : 0:  cancan (1.6.10) from /Users/bretonhandy/.rvm/gems/ruby-2.1.0/specifications/cancan-1.6.10.gemspec
I, [2014-03-03T19:45:07.951377 #58312]  INFO -- : 0:  chunky_png (1.3.0) from /Users/bretonhandy/.rvm/gems/ruby-2.1.0/specifications/chunky_png-1.3.0.gemspec
I, [2014-03-03T19:45:07.951816 #58312]  INFO -- : 0:  coffee-script-source (1.7.0) from /Users/bretonhandy/.rvm/gems/ruby-2.1.0/specifications/coffee-script-source-1.7.0.gemspec
I, [2014-03-03T19:45:07.952227 #58312]  INFO -- : 0:  execjs (2.0.2) from /Users/bretonhandy/.rvm/gems/ruby-2.1.0/specifications/execjs-2.0.2.gemspec
I, [2014-03-03T19:45:07.952667 #58312]  INFO -- : 0:  coffee-script (2.2.0) from /Users/bretonhandy/.rvm/gems/ruby-2.1.0/specifications/coffee-script-2.2.0.gemspec
I, [2014-03-03T19:45:07.953170 #58312]  INFO -- : 0:  coffee-rails (4.0.1) from /Users/bretonhandy/.rvm/gems/ruby-2.1.0/specifications/coffee-rails-4.0.1.gemspec
I, [2014-03-03T19:45:07.953692 #58312]  INFO -- : 0:  commonjs (0.2.7) from /Users/bretonhandy/.rvm/gems/ruby-2.1.0/specifications/commonjs-0.2.7.gemspec
I, [2014-03-03T19:45:07.954131 #58312]  INFO -- : 0:  fssm (0.2.10) from /Users/bretonhandy/.rvm/gems/ruby-2.1.0/specifications/fssm-0.2.10.gemspec
I, [2014-03-03T19:45:07.954625 #58312]  INFO -- : 0:  sass (3.2.14) from /Users/bretonhandy/.rvm/gems/ruby-2.1.0/specifications/sass-3.2.14.gemspec
I, [2014-03-03T19:45:07.955080 #58312]  INFO -- : 0:  compass (0.12.2) from /Users/bretonhandy/.rvm/gems/ruby-2.1.0/specifications/compass-0.12.2.gemspec
I, [2014-03-03T19:45:07.955587 #58312]  INFO -- : 0:  compass-rails (1.1.3) from /Users/bretonhandy/.rvm/gems/ruby-2.1.0/specifications/compass-rails-1.1.3.gemspec
I, [2014-03-03T19:45:07.956011 #58312]  INFO -- : 0:  daemons (1.1.9) from /Users/bretonhandy/.rvm/gems/ruby-2.1.0/specifications/daemons-1.1.9.gemspec
I, [2014-03-03T19:45:07.956494 #58312]  INFO -- : 0:  orm_adapter (0.5.0) from /Users/bretonhandy/.rvm/gems/ruby-2.1.0/specifications/orm_adapter-0.5.0.gemspec
I, [2014-03-03T19:45:07.956905 #58312]  INFO -- : 0:  warden (1.2.3) from /Users/bretonhandy/.rvm/gems/ruby-2.1.0/specifications/warden-1.2.3.gemspec
I, [2014-03-03T19:45:07.957363 #58312]  INFO -- : 0:  devise (3.2.3) from /Users/bretonhandy/.rvm/gems/ruby-2.1.0/specifications/devise-3.2.3.gemspec
I, [2014-03-03T19:45:07.957780 #58312]  INFO -- : 0:  eventmachine (1.0.3) from /Users/bretonhandy/.rvm/gems/ruby-2.1.0/specifications/eventmachine-1.0.3.gemspec
I, [2014-03-03T19:45:07.958210 #58312]  INFO -- : 0:  fastercsv (1.5.5) from /Users/bretonhandy/.rvm/gems/ruby-2.1.0/specifications/fastercsv-1.5.5.gemspec
I, [2014-03-03T19:45:07.958877 #58312]  INFO -- : 0:  font-awesome-rails (4.0.3.1) from /Users/bretonhandy/.rvm/gems/ruby-2.1.0/specifications/font-awesome-rails-4.0.3.1.gemspec
I, [2014-03-03T19:45:07.959569 #58312]  INFO -- : 0:  foundation-rails (5.0.3.1) from /Users/bretonhandy/.rvm/gems/ruby-2.1.0/specifications/foundation-rails-5.0.3.1.gemspec
I, [2014-03-03T19:45:07.960360 #58312]  INFO -- : 0:  haml (4.0.5) from /Users/bretonhandy/.rvm/gems/ruby-2.1.0/specifications/haml-4.0.5.gemspec
I, [2014-03-03T19:45:07.960963 #58312]  INFO -- : 0:  jbuilder (1.5.3) from /Users/bretonhandy/.rvm/gems/ruby-2.1.0/specifications/jbuilder-1.5.3.gemspec
I, [2014-03-03T19:45:07.961464 #58312]  INFO -- : 0:  jquery-rails (3.1.0) from /Users/bretonhandy/.rvm/gems/ruby-2.1.0/specifications/jquery-rails-3.1.0.gemspec
I, [2014-03-03T19:45:07.961998 #58312]  INFO -- : 0:  jquery-ui-rails (4.2.0) from /Users/bretonhandy/.rvm/gems/ruby-2.1.0/specifications/jquery-ui-rails-4.2.0.gemspec
I, [2014-03-03T19:45:07.962512 #58312]  INFO -- : 0:  json (1.8.1) from /Users/bretonhandy/.rvm/gems/ruby-2.1.0/specifications/json-1.8.1.gemspec
I, [2014-03-03T19:45:07.962947 #58312]  INFO -- : 0:  kaminari (0.15.1) from /Users/bretonhandy/.rvm/gems/ruby-2.1.0/specifications/kaminari-0.15.1.gemspec
I, [2014-03-03T19:45:07.963525 #58312]  INFO -- : 0:  kgio (2.9.2) from /Users/bretonhandy/.rvm/gems/ruby-2.1.0/specifications/kgio-2.9.2.gemspec
I, [2014-03-03T19:45:07.964133 #58312]  INFO -- : 0:  less (2.4.0) from /Users/bretonhandy/.rvm/gems/ruby-2.1.0/specifications/less-2.4.0.gemspec
I, [2014-03-03T19:45:07.964708 #58312]  INFO -- : 0:  less-rails (2.4.2) from /Users/bretonhandy/.rvm/gems/ruby-2.1.0/specifications/less-rails-2.4.2.gemspec
I, [2014-03-03T19:45:07.965321 #58312]  INFO -- : 0:  libv8 (3.16.14.3) from /Users/bretonhandy/.rvm/gems/ruby-2.1.0/specifications/libv8-3.16.14.3-x86_64-darwin-13.gemspec
I, [2014-03-03T19:45:07.965790 #58312]  INFO -- : 0:  mini_portile (0.5.2) from /Users/bretonhandy/.rvm/gems/ruby-2.1.0/specifications/mini_portile-0.5.2.gemspec
I, [2014-03-03T19:45:07.966231 #58312]  INFO -- : 0:  nested_form (0.3.2) from /Users/bretonhandy/.rvm/gems/ruby-2.1.0/specifications/nested_form-0.3.2.gemspec
I, [2014-03-03T19:45:07.966825 #58312]  INFO -- : 0:  nokogiri (1.6.1) from /Users/bretonhandy/.rvm/gems/ruby-2.1.0/specifications/nokogiri-1.6.1.gemspec
I, [2014-03-03T19:45:07.967642 #58312]  INFO -- : 0:  pg (0.17.1) from /Users/bretonhandy/.rvm/gems/ruby-2.1.0/specifications/pg-0.17.1.gemspec
I, [2014-03-03T19:45:07.968292 #58312]  INFO -- : 0:  rack-pjax (0.7.0) from /Users/bretonhandy/.rvm/gems/ruby-2.1.0/specifications/rack-pjax-0.7.0.gemspec
I, [2014-03-03T19:45:07.968975 #58312]  INFO -- : 0:  rails_serve_static_assets (0.0.2) from /Users/bretonhandy/.rvm/gems/ruby-2.1.0/specifications/rails_serve_static_assets-0.0.2.gemspec
I, [2014-03-03T19:45:07.969717 #58312]  INFO -- : 0:  rails_stdout_logging (0.0.3) from /Users/bretonhandy/.rvm/gems/ruby-2.1.0/specifications/rails_stdout_logging-0.0.3.gemspec
I, [2014-03-03T19:45:07.970191 #58312]  INFO -- : 0:  rails_12factor (0.0.2) from /Users/bretonhandy/.rvm/gems/ruby-2.1.0/specifications/rails_12factor-0.0.2.gemspec
I, [2014-03-03T19:45:07.970670 #58312]  INFO -- : 0:  remotipart (1.2.1) from /Users/bretonhandy/.rvm/gems/ruby-2.1.0/specifications/remotipart-1.2.1.gemspec
I, [2014-03-03T19:45:07.971161 #58312]  INFO -- : 0:  safe_yaml (1.0.1) from /Users/bretonhandy/.rvm/gems/ruby-2.1.0/specifications/safe_yaml-1.0.1.gemspec
I, [2014-03-03T19:45:07.971636 #58312]  INFO -- : 0:  sass-rails (4.0.1) from /Users/bretonhandy/.rvm/gems/ruby-2.1.0/specifications/sass-rails-4.0.1.gemspec
I, [2014-03-03T19:45:08.664954 #58312]  INFO -- : 0:  rails_admin (0.6.1) from /Users/bretonhandy/.rvm/gems/ruby-2.1.0/bundler/gems/rails_admin-2f50d5ed4a06/rails_admin.gemspec
I, [2014-03-03T19:45:08.665594 #58312]  INFO -- : 0:  rails_layout (1.0.5) from /Users/bretonhandy/.rvm/gems/ruby-2.1.0/specifications/rails_layout-1.0.5.gemspec
I, [2014-03-03T19:45:08.666015 #58312]  INFO -- : 0:  raindrops (0.13.0) from /Users/bretonhandy/.rvm/gems/ruby-2.1.0/specifications/raindrops-0.13.0.gemspec
I, [2014-03-03T19:45:08.666426 #58312]  INFO -- : 0:  rdoc (4.1.1) from /Users/bretonhandy/.rvm/gems/ruby-2.1.0/specifications/rdoc-4.1.1.gemspec
I, [2014-03-03T19:45:08.666950 #58312]  INFO -- : 0:  ref (1.0.5) from /Users/bretonhandy/.rvm/gems/ruby-2.1.0/specifications/ref-1.0.5.gemspec
I, [2014-03-03T19:45:08.667355 #58312]  INFO -- : 0:  sdoc (0.4.0) from /Users/bretonhandy/.rvm/gems/ruby-2.1.0/specifications/sdoc-0.4.0.gemspec
I, [2014-03-03T19:45:08.667763 #58312]  INFO -- : 0:  sqlite3 (1.3.9) from /Users/bretonhandy/.rvm/gems/ruby-2.1.0/specifications/sqlite3-1.3.9.gemspec
I, [2014-03-03T19:45:08.668170 #58312]  INFO -- : 0:  therubyracer (0.12.1) from /Users/bretonhandy/.rvm/gems/ruby-2.1.0/specifications/therubyracer-0.12.1.gemspec
I, [2014-03-03T19:45:08.668568 #58312]  INFO -- : 0:  thin (1.6.1) from /Users/bretonhandy/.rvm/gems/ruby-2.1.0/specifications/thin-1.6.1.gemspec
I, [2014-03-03T19:45:08.668969 #58312]  INFO -- : 0:  turbolinks (2.2.1) from /Users/bretonhandy/.rvm/gems/ruby-2.1.0/specifications/turbolinks-2.2.1.gemspec
I, [2014-03-03T19:45:08.669382 #58312]  INFO -- : 0:  uglifier (2.4.0) from /Users/bretonhandy/.rvm/gems/ruby-2.1.0/specifications/uglifier-2.4.0.gemspec
I, [2014-03-03T19:45:08.669785 #58312]  INFO -- : 0:  unicorn (4.8.2) from /Users/bretonhandy/.rvm/gems/ruby-2.1.0/specifications/unicorn-4.8.2.gemspec
I, [2014-03-03T19:45:08.670183 #58312]  INFO -- : 0:  zurb-foundation (4.3.2) from /Users/bretonhandy/.rvm/gems/ruby-2.1.0/specifications/zurb-foundation-4.3.2.gemspec
